Arguments: 
  /opt/homebrew/Cellar/node/20.2.0/bin/node /Users/jiangguangwei/.yarn/bin/yarn.js install

PATH: 
  /Users/jiangguangwei/.yarn/bin:/Users/jiangguangwei/.config/yarn/global/node_modules/.bin:/opt/homebrew/bin:/opt/homebrew/sbin:/Library/Frameworks/Python.framework/Versions/3.10/bin:/usr/local/bin:/usr/bin:/bin:/usr/sbin:/sbin:/opt/X11/bin:/Library/Apple/usr/bin:/Library/Frameworks/Mono.framework/Versions/Current/Commands:/Users/jiangguangwei/.yarn/bin:/Users/jiangguangwei/.config/yarn/global/node_modules/.bin:/Users/jiangguangwei/opt/anaconda3/envs/TreeFolio/bin:/Users/jiangguangwei/opt/anaconda3/condabin:/opt/homebrew/bin:/opt/homebrew/sbin:/Library/Frameworks/Python.framework/Versions/3.10/bin:/usr/local/mysql/bin:/usr/local/mysql/bin

Yarn version: 
  1.22.19

Node version: 
  20.2.0

Platform: 
  darwin arm64

Trace: 
  Error [ERR_SOCKET_CONNECTION_TIMEOUT]: Socket connection timeout
      at new NodeError (node:internal/errors:399:5)
      at internalConnectMultiple (node:net:1099:20)
      at Timeout.internalConnectMultipleTimeout (node:net:1638:3)
      at listOnTimeout (node:internal/timers:575:11)
      at process.processTimers (node:internal/timers:514:7)

npm manifest: 
  {
    "dependencies": {
      "suncalc": "^1.9.0"
    }
  }

yarn manifest: 
  No manifest

Lockfile: 
  No lockfile
